<?xml version="1.0" encoding="UTF-8"?>
<coverage generated="1770974275144" clover="3.2.0">
  <project timestamp="1770974275144" name="All files">
    <metrics statements="46" coveredstatements="46" conditionals="50" coveredconditionals="50" methods="9" coveredmethods="9" elements="105" coveredelements="105" complexity="0" loc="46" ncloc="46" packages="2" files="3" classes="3"/>
    <package name="src">
      <metrics statements="3" coveredstatements="3" conditionals="0" coveredconditionals="0" methods="3" coveredmethods="3"/>
      <file name="App.jsx" path="D:\Projet dev\IdeaProjects\M1\Test_&_Test_unitaire\Seance1\Test_cycle_TDD\app\src\App.jsx">
        <metrics statements="3" coveredstatements="3" conditionals="0" coveredconditionals="0" methods="3" coveredmethods="3"/>
        <line num="7" count="3" type="stmt"/>
        <line num="9" count="3" type="stmt"/>
        <line num="21" count="2" type="stmt"/>
      </file>
    </package>
    <package name="src.domain">
      <metrics statements="43" coveredstatements="43" conditionals="50" coveredconditionals="50" methods="6" coveredmethods="6"/>
      <file name="module.js" path="D:\Projet dev\IdeaProjects\M1\Test_&_Test_unitaire\Seance1\Test_cycle_TDD\app\src\domain\module.js">
        <metrics statements="13" coveredstatements="13" conditionals="10" coveredconditionals="10" methods="1" coveredmethods="1"/>
        <line num="8" count="12" type="cond" truecount="2" falsecount="0"/>
        <line num="9" count="2" type="stmt"/>
        <line num="12" count="10" type="cond" truecount="2" falsecount="0"/>
        <line num="13" count="2" type="stmt"/>
        <line num="16" count="8" type="cond" truecount="2" falsecount="0"/>
        <line num="17" count="1" type="stmt"/>
        <line num="20" count="7" type="cond" truecount="2" falsecount="0"/>
        <line num="21" count="2" type="stmt"/>
        <line num="24" count="5" type="cond" truecount="2" falsecount="0"/>
        <line num="25" count="1" type="stmt"/>
        <line num="28" count="4" type="stmt"/>
        <line num="29" count="4" type="stmt"/>
        <line num="30" count="4" type="stmt"/>
      </file>
      <file name="validator.js" path="D:\Projet dev\IdeaProjects\M1\Test_&_Test_unitaire\Seance1\Test_cycle_TDD\app\src\domain\validator.js">
        <metrics statements="30" coveredstatements="30" conditionals="40" coveredconditionals="40" methods="5" coveredmethods="5"/>
        <line num="14" count="12" type="cond" truecount="4" falsecount="0"/>
        <line num="15" count="3" type="stmt"/>
        <line num="18" count="9" type="cond" truecount="2" falsecount="0"/>
        <line num="19" count="8" type="cond" truecount="2" falsecount="0"/>
        <line num="20" count="7" type="cond" truecount="2" falsecount="0"/>
        <line num="21" count="6" type="cond" truecount="2" falsecount="0"/>
        <line num="23" count="5" type="cond" truecount="2" falsecount="0"/>
        <line num="24" count="4" type="cond" truecount="2" falsecount="0"/>
        <line num="25" count="3" type="cond" truecount="2" falsecount="0"/>
        <line num="26" count="2" type="cond" truecount="2" falsecount="0"/>
        <line num="28" count="1" type="stmt"/>
        <line num="29" count="1" type="stmt"/>
        <line num="30" count="1" type="stmt"/>
        <line num="31" count="1" type="stmt"/>
        <line num="33" count="1" type="stmt"/>
        <line num="44" count="6" type="cond" truecount="4" falsecount="0"/>
        <line num="45" count="3" type="stmt"/>
        <line num="48" count="3" type="stmt"/>
        <line num="49" count="3" type="cond" truecount="2" falsecount="0"/>
        <line num="51" count="2" type="stmt"/>
        <line num="62" count="6" type="cond" truecount="4" falsecount="0"/>
        <line num="63" count="4" type="stmt"/>
        <line num="65" count="2" type="stmt"/>
        <line num="78" count="8" type="cond" truecount="2" falsecount="0"/>
        <line num="79" count="7" type="cond" truecount="2" falsecount="0"/>
        <line num="80" count="6" type="cond" truecount="2" falsecount="0"/>
        <line num="81" count="4" type="stmt"/>
        <line num="92" count="6" type="cond" truecount="4" falsecount="0"/>
        <line num="93" count="4" type="stmt"/>
        <line num="95" count="2" type="stmt"/>
      </file>
    </package>
  </project>
</coverage>
