<?xml version="1.0" encoding="UTF-8"?>
<coverage generated="1771499919894" clover="3.2.0">
  <project timestamp="1771499919894" name="All files">
    <metrics statements="102" coveredstatements="102" conditionals="100" coveredconditionals="100" methods="22" coveredmethods="22" elements="224" coveredelements="224" complexity="0" loc="102" ncloc="102" packages="3" files="4" classes="4"/>
    <package name="components">
      <metrics statements="43" coveredstatements="43" conditionals="27" coveredconditionals="27" methods="14" coveredmethods="14"/>
      <file name="PersonForm.jsx" path="D:\Projet dev\IdeaProjects\M1\Test_&_Test_unitaire\Seance1\Test_cycle_TDD\app\src\components\PersonForm.jsx">
        <metrics statements="43" coveredstatements="43" conditionals="27" coveredconditionals="27" methods="14" coveredmethods="14"/>
        <line num="9" count="179" type="stmt"/>
        <line num="18" count="179" type="stmt"/>
        <line num="20" count="179" type="stmt"/>
        <line num="21" count="168" type="cond" truecount="2" falsecount="0"/>
        <line num="22" count="9" type="stmt"/>
        <line num="23" count="9" type="stmt"/>
        <line num="26" count="159" type="stmt"/>
        <line num="27" count="159" type="cond" truecount="6" falsecount="0"/>
        <line num="29" count="16" type="stmt"/>
        <line num="30" count="10" type="stmt"/>
        <line num="32" count="18" type="stmt"/>
        <line num="33" count="14" type="stmt"/>
        <line num="35" count="56" type="stmt"/>
        <line num="36" count="8" type="stmt"/>
        <line num="38" count="19" type="stmt"/>
        <line num="39" count="4" type="stmt"/>
        <line num="41" count="40" type="stmt"/>
        <line num="42" count="20" type="stmt"/>
        <line num="44" count="10" type="stmt"/>
        <line num="45" count="4" type="stmt"/>
        <line num="47" count="60" type="stmt"/>
        <line num="49" count="99" type="stmt"/>
        <line num="53" count="179" type="stmt"/>
        <line num="54" count="138" type="stmt"/>
        <line num="55" count="138" type="stmt"/>
        <line num="56" count="138" type="stmt"/>
        <line num="59" count="179" type="stmt"/>
        <line num="60" count="2" type="stmt"/>
        <line num="61" count="2" type="stmt"/>
        <line num="62" count="2" type="stmt"/>
        <line num="70" count="2" type="stmt"/>
        <line num="71" count="2" type="stmt"/>
        <line num="72" count="2" type="stmt"/>
        <line num="73" count="2" type="stmt"/>
        <line num="74" count="2" type="stmt"/>
        <line num="91" count="179" type="cond" truecount="7" falsecount="0"/>
        <line num="93" count="179" type="stmt"/>
        <line num="104" count="4" type="stmt"/>
        <line num="116" count="4" type="stmt"/>
        <line num="128" count="6" type="stmt"/>
        <line num="140" count="5" type="stmt"/>
        <line num="152" count="5" type="stmt"/>
        <line num="164" count="6" type="stmt"/>
      </file>
    </package>
    <package name="domain">
      <metrics statements="57" coveredstatements="57" conditionals="71" coveredconditionals="71" methods="7" coveredmethods="7"/>
      <file name="module.js" path="D:\Projet dev\IdeaProjects\M1\Test_&_Test_unitaire\Seance1\Test_cycle_TDD\app\src\domain\module.js">
        <metrics statements="13" coveredstatements="13" conditionals="10" coveredconditionals="10" methods="1" coveredmethods="1"/>
        <line num="8" count="20" type="cond" truecount="2" falsecount="0"/>
        <line num="9" count="2" type="stmt"/>
        <line num="12" count="18" type="cond" truecount="2" falsecount="0"/>
        <line num="13" count="2" type="stmt"/>
        <line num="16" count="16" type="cond" truecount="2" falsecount="0"/>
        <line num="17" count="1" type="stmt"/>
        <line num="20" count="15" type="cond" truecount="2" falsecount="0"/>
        <line num="21" count="2" type="stmt"/>
        <line num="24" count="13" type="cond" truecount="2" falsecount="0"/>
        <line num="25" count="1" type="stmt"/>
        <line num="28" count="12" type="stmt"/>
        <line num="29" count="12" type="stmt"/>
        <line num="30" count="12" type="stmt"/>
      </file>
      <file name="validator.js" path="D:\Projet dev\IdeaProjects\M1\Test_&_Test_unitaire\Seance1\Test_cycle_TDD\app\src\domain\validator.js">
        <metrics statements="44" coveredstatements="44" conditionals="61" coveredconditionals="61" methods="6" coveredmethods="6"/>
        <line num="16" count="18" type="cond" truecount="4" falsecount="0"/>
        <line num="17" count="3" type="stmt"/>
        <line num="20" count="15" type="cond" truecount="2" falsecount="0"/>
        <line num="21" count="14" type="cond" truecount="2" falsecount="0"/>
        <line num="22" count="13" type="cond" truecount="2" falsecount="0"/>
        <line num="23" count="12" type="cond" truecount="2" falsecount="0"/>
        <line num="24" count="11" type="cond" truecount="2" falsecount="0"/>
        <line num="25" count="10" type="cond" truecount="2" falsecount="0"/>
        <line num="27" count="9" type="cond" truecount="2" falsecount="0"/>
        <line num="28" count="8" type="cond" truecount="2" falsecount="0"/>
        <line num="29" count="7" type="cond" truecount="2" falsecount="0"/>
        <line num="30" count="6" type="cond" truecount="2" falsecount="0"/>
        <line num="31" count="5" type="cond" truecount="2" falsecount="0"/>
        <line num="32" count="4" type="cond" truecount="2" falsecount="0"/>
        <line num="34" count="3" type="stmt"/>
        <line num="35" count="3" type="stmt"/>
        <line num="36" count="3" type="stmt"/>
        <line num="37" count="3" type="stmt"/>
        <line num="38" count="3" type="stmt"/>
        <line num="39" count="3" type="stmt"/>
        <line num="41" count="3" type="stmt"/>
        <line num="54" count="19" type="cond" truecount="4" falsecount="0"/>
        <line num="55" count="3" type="stmt"/>
        <line num="58" count="16" type="stmt"/>
        <line num="59" count="16" type="cond" truecount="2" falsecount="0"/>
        <line num="61" count="11" type="stmt"/>
        <line num="62" count="11" type="cond" truecount="2" falsecount="0"/>
        <line num="64" count="8" type="stmt"/>
        <line num="75" count="27" type="cond" truecount="4" falsecount="0"/>
        <line num="76" count="19" type="stmt"/>
        <line num="78" count="8" type="stmt"/>
        <line num="91" count="52" type="cond" truecount="2" falsecount="0"/>
        <line num="92" count="50" type="cond" truecount="2" falsecount="0"/>
        <line num="93" count="45" type="cond" truecount="2" falsecount="0"/>
        <line num="94" count="19" type="stmt"/>
        <line num="96" count="26" type="stmt"/>
        <line num="108" count="48" type="cond" truecount="4" falsecount="0"/>
        <line num="109" count="46" type="cond" truecount="2" falsecount="0"/>
        <line num="110" count="45" type="cond" truecount="2" falsecount="0"/>
        <line num="111" count="12" type="cond" truecount="2" falsecount="0"/>
        <line num="113" count="33" type="stmt"/>
        <line num="124" count="64" type="cond" truecount="4" falsecount="0"/>
        <line num="125" count="52" type="stmt"/>
        <line num="127" count="12" type="stmt"/>
      </file>
    </package>
    <package name="utils">
      <metrics statements="2" coveredstatements="2" conditionals="2" coveredconditionals="2" methods="1" coveredmethods="1"/>
      <file name="errorMessages.js" path="D:\Projet dev\IdeaProjects\M1\Test_&_Test_unitaire\Seance1\Test_cycle_TDD\app\src\utils\errorMessages.js">
        <metrics statements="2" coveredstatements="2" conditionals="2" coveredconditionals="2" methods="1" coveredmethods="1"/>
        <line num="1" count="2" type="stmt"/>
        <line num="13" count="408" type="cond" truecount="2" falsecount="0"/>
      </file>
    </package>
  </project>
</coverage>
