{"D:\\Projet dev\\IdeaProjects\\M1\\Test_&_Test_unitaire\\Seance1\\Test_cycle_TDD\\app\\src\\components\\PersonForm.jsx": {"path":"D:\\Projet dev\\IdeaProjects\\M1\\Test_&_Test_unitaire\\Seance1\\Test_cycle_TDD\\app\\src\\components\\PersonForm.jsx","statementMap":{"0":{"start":{"line":9,"column":28},"end":{"line":16,"column":6}},"1":{"start":{"line":18,"column":32},"end":{"line":18,"column":44}},"2":{"start":{"line":20,"column":26},"end":{"line":51,"column":5}},"3":{"start":{"line":21,"column":8},"end":{"line":24,"column":9}},"4":{"start":{"line":22,"column":12},"end":{"line":22,"column":56}},"5":{"start":{"line":22,"column":31},"end":{"line":22,"column":54}},"6":{"start":{"line":23,"column":12},"end":{"line":23,"column":18}},"7":{"start":{"line":26,"column":8},"end":{"line":50,"column":9}},"8":{"start":{"line":27,"column":12},"end":{"line":46,"column":13}},"9":{"start":{"line":29,"column":20},"end":{"line":29,"column":52}},"10":{"start":{"line":30,"column":20},"end":{"line":30,"column":25}},"11":{"start":{"line":32,"column":20},"end":{"line":32,"column":51}},"12":{"start":{"line":33,"column":20},"end":{"line":33,"column":25}},"13":{"start":{"line":35,"column":20},"end":{"line":35,"column":40}},"14":{"start":{"line":36,"column":20},"end":{"line":36,"column":25}},"15":{"start":{"line":38,"column":20},"end":{"line":38,"column":42}},"16":{"start":{"line":39,"column":20},"end":{"line":39,"column":25}},"17":{"start":{"line":41,"column":20},"end":{"line":41,"column":39}},"18":{"start":{"line":42,"column":20},"end":{"line":42,"column":25}},"19":{"start":{"line":44,"column":20},"end":{"line":44,"column":48}},"20":{"start":{"line":45,"column":20},"end":{"line":45,"column":25}},"21":{"start":{"line":47,"column":12},"end":{"line":47,"column":56}},"22":{"start":{"line":47,"column":31},"end":{"line":47,"column":54}},"23":{"start":{"line":49,"column":12},"end":{"line":49,"column":65}},"24":{"start":{"line":49,"column":31},"end":{"line":49,"column":63}},"25":{"start":{"line":53,"column":25},"end":{"line":57,"column":5}},"26":{"start":{"line":54,"column":32},"end":{"line":54,"column":40}},"27":{"start":{"line":55,"column":8},"end":{"line":55,"column":53}},"28":{"start":{"line":55,"column":25},"end":{"line":55,"column":51}},"29":{"start":{"line":56,"column":8},"end":{"line":56,"column":34}},"30":{"start":{"line":59,"column":25},"end":{"line":88,"column":5}},"31":{"start":{"line":60,"column":8},"end":{"line":60,"column":26}},"32":{"start":{"line":61,"column":8},"end":{"line":87,"column":9}},"33":{"start":{"line":62,"column":27},"end":{"line":69,"column":13}},"34":{"start":{"line":70,"column":12},"end":{"line":70,"column":34}},"35":{"start":{"line":71,"column":12},"end":{"line":71,"column":66}},"36":{"start":{"line":72,"column":12},"end":{"line":72,"column":53}},"37":{"start":{"line":73,"column":12},"end":{"line":73,"column":97}},"38":{"start":{"line":74,"column":12},"end":{"line":74,"column":25}},"39":{"start":{"line":91,"column":8},"end":{"line":91,"column":141}},"40":{"start":{"line":93,"column":4},"end":{"line":186,"column":5}},"41":{"start":{"line":104,"column":39},"end":{"line":104,"column":81}},"42":{"start":{"line":116,"column":39},"end":{"line":116,"column":80}},"43":{"start":{"line":128,"column":39},"end":{"line":128,"column":81}},"44":{"start":{"line":140,"column":39},"end":{"line":140,"column":75}},"45":{"start":{"line":152,"column":39},"end":{"line":152,"column":76}},"46":{"start":{"line":164,"column":39},"end":{"line":164,"column":77}}},"fnMap":{"0":{"name":"PersonForm","decl":{"start":{"line":8,"column":24},"end":{"line":8,"column":34}},"loc":{"start":{"line":8,"column":37},"end":{"line":187,"column":1}},"line":8},"1":{"name":"(anonymous_1)","decl":{"start":{"line":20,"column":26},"end":{"line":20,"column":27}},"loc":{"start":{"line":20,"column":43},"end":{"line":51,"column":5}},"line":20},"2":{"name":"(anonymous_2)","decl":{"start":{"line":22,"column":22},"end":{"line":22,"column":23}},"loc":{"start":{"line":22,"column":31},"end":{"line":22,"column":54}},"line":22},"3":{"name":"(anonymous_3)","decl":{"start":{"line":47,"column":22},"end":{"line":47,"column":23}},"loc":{"start":{"line":47,"column":31},"end":{"line":47,"column":54}},"line":47},"4":{"name":"(anonymous_4)","decl":{"start":{"line":49,"column":22},"end":{"line":49,"column":23}},"loc":{"start":{"line":49,"column":31},"end":{"line":49,"column":63}},"line":49},"5":{"name":"(anonymous_5)","decl":{"start":{"line":53,"column":25},"end":{"line":53,"column":26}},"loc":{"start":{"line":53,"column":32},"end":{"line":57,"column":5}},"line":53},"6":{"name":"(anonymous_6)","decl":{"start":{"line":55,"column":16},"end":{"line":55,"column":17}},"loc":{"start":{"line":55,"column":25},"end":{"line":55,"column":51}},"line":55},"7":{"name":"(anonymous_7)","decl":{"start":{"line":59,"column":25},"end":{"line":59,"column":26}},"loc":{"start":{"line":59,"column":32},"end":{"line":88,"column":5}},"line":59},"8":{"name":"(anonymous_8)","decl":{"start":{"line":104,"column":32},"end":{"line":104,"column":33}},"loc":{"start":{"line":104,"column":39},"end":{"line":104,"column":81}},"line":104},"9":{"name":"(anonymous_9)","decl":{"start":{"line":116,"column":32},"end":{"line":116,"column":33}},"loc":{"start":{"line":116,"column":39},"end":{"line":116,"column":80}},"line":116},"10":{"name":"(anonymous_10)","decl":{"start":{"line":128,"column":32},"end":{"line":128,"column":33}},"loc":{"start":{"line":128,"column":39},"end":{"line":128,"column":81}},"line":128},"11":{"name":"(anonymous_11)","decl":{"start":{"line":140,"column":32},"end":{"line":140,"column":33}},"loc":{"start":{"line":140,"column":39},"end":{"line":140,"column":75}},"line":140},"12":{"name":"(anonymous_12)","decl":{"start":{"line":152,"column":32},"end":{"line":152,"column":33}},"loc":{"start":{"line":152,"column":39},"end":{"line":152,"column":76}},"line":152},"13":{"name":"(anonymous_13)","decl":{"start":{"line":164,"column":32},"end":{"line":164,"column":33}},"loc":{"start":{"line":164,"column":39},"end":{"line":164,"column":77}},"line":164}},"branchMap":{"0":{"loc":{"start":{"line":21,"column":8},"end":{"line":24,"column":9}},"type":"if","locations":[{"start":{"line":21,"column":8},"end":{"line":24,"column":9}},{"start":{},"end":{}}],"line":21},"1":{"loc":{"start":{"line":27,"column":12},"end":{"line":46,"column":13}},"type":"switch","locations":[{"start":{"line":28,"column":16},"end":{"line":30,"column":25}},{"start":{"line":31,"column":16},"end":{"line":33,"column":25}},{"start":{"line":34,"column":16},"end":{"line":36,"column":25}},{"start":{"line":37,"column":16},"end":{"line":39,"column":25}},{"start":{"line":40,"column":16},"end":{"line":42,"column":25}},{"start":{"line":43,"column":16},"end":{"line":45,"column":25}}],"line":27},"2":{"loc":{"start":{"line":91,"column":8},"end":{"line":91,"column":141}},"type":"binary-expr","locations":[{"start":{"line":91,"column":8},"end":{"line":91,"column":23}},{"start":{"line":91,"column":27},"end":{"line":91,"column":41}},{"start":{"line":91,"column":45},"end":{"line":91,"column":56}},{"start":{"line":91,"column":60},"end":{"line":91,"column":75}},{"start":{"line":91,"column":79},"end":{"line":91,"column":88}},{"start":{"line":91,"column":92},"end":{"line":91,"column":102}},{"start":{"line":91,"column":106},"end":{"line":91,"column":141}}],"line":91},"3":{"loc":{"start":{"line":106,"column":21},"end":{"line":106,"column":107}},"type":"binary-expr","locations":[{"start":{"line":106,"column":21},"end":{"line":106,"column":37}},{"start":{"line":106,"column":41},"end":{"line":106,"column":107}}],"line":106},"4":{"loc":{"start":{"line":118,"column":21},"end":{"line":118,"column":105}},"type":"binary-expr","locations":[{"start":{"line":118,"column":21},"end":{"line":118,"column":36}},{"start":{"line":118,"column":40},"end":{"line":118,"column":105}}],"line":118},"5":{"loc":{"start":{"line":130,"column":21},"end":{"line":130,"column":107}},"type":"binary-expr","locations":[{"start":{"line":130,"column":21},"end":{"line":130,"column":37}},{"start":{"line":130,"column":41},"end":{"line":130,"column":107}}],"line":130},"6":{"loc":{"start":{"line":142,"column":21},"end":{"line":142,"column":95}},"type":"binary-expr","locations":[{"start":{"line":142,"column":21},"end":{"line":142,"column":31}},{"start":{"line":142,"column":35},"end":{"line":142,"column":95}}],"line":142},"7":{"loc":{"start":{"line":154,"column":21},"end":{"line":154,"column":97}},"type":"binary-expr","locations":[{"start":{"line":154,"column":21},"end":{"line":154,"column":32}},{"start":{"line":154,"column":36},"end":{"line":154,"column":97}}],"line":154},"8":{"loc":{"start":{"line":166,"column":21},"end":{"line":166,"column":99}},"type":"binary-expr","locations":[{"start":{"line":166,"column":21},"end":{"line":166,"column":33}},{"start":{"line":166,"column":37},"end":{"line":166,"column":99}}],"line":166}},"s":{"0":130,"1":130,"2":130,"3":121,"4":9,"5":9,"6":9,"7":112,"8":112,"9":11,"10":5,"11":11,"12":7,"13":39,"14":4,"15":13,"16":2,"17":30,"18":10,"19":8,"20":2,"21":30,"22":30,"23":82,"24":82,"25":130,"26":97,"27":97,"28":97,"29":97,"30":130,"31":1,"32":1,"33":1,"34":1,"35":1,"36":1,"37":1,"38":1,"39":130,"40":130,"41":3,"42":3,"43":5,"44":4,"45":4,"46":5},"f":{"0":130,"1":121,"2":9,"3":30,"4":82,"5":97,"6":97,"7":1,"8":3,"9":3,"10":5,"11":4,"12":4,"13":5},"b":{"0":[9,112],"1":[11,11,39,13,30,8],"2":[130,108,101,96,68,67,65],"3":[130,39],"4":[130,58],"5":[130,74],"6":[130,72],"7":[130,70],"8":[130,75]},"_coverageSchema":"1a1c01bbd47fc00a2c39e90264f33305004495a9","hash":"1e4809041d3ca9e94c74258dca0206fbe407f527"}
,"D:\\Projet dev\\IdeaProjects\\M1\\Test_&_Test_unitaire\\Seance1\\Test_cycle_TDD\\app\\src\\domain\\module.js": {"path":"D:\\Projet dev\\IdeaProjects\\M1\\Test_&_Test_unitaire\\Seance1\\Test_cycle_TDD\\app\\src\\domain\\module.js","statementMap":{"0":{"start":{"line":8,"column":4},"end":{"line":10,"column":5}},"1":{"start":{"line":9,"column":8},"end":{"line":9,"column":42}},"2":{"start":{"line":12,"column":4},"end":{"line":14,"column":5}},"3":{"start":{"line":13,"column":8},"end":{"line":13,"column":57}},"4":{"start":{"line":16,"column":4},"end":{"line":18,"column":5}},"5":{"start":{"line":17,"column":8},"end":{"line":17,"column":58}},"6":{"start":{"line":20,"column":4},"end":{"line":22,"column":5}},"7":{"start":{"line":21,"column":8},"end":{"line":21,"column":59}},"8":{"start":{"line":24,"column":4},"end":{"line":26,"column":5}},"9":{"start":{"line":25,"column":8},"end":{"line":25,"column":50}},"10":{"start":{"line":28,"column":19},"end":{"line":28,"column":59}},"11":{"start":{"line":29,"column":14},"end":{"line":29,"column":56}},"12":{"start":{"line":30,"column":4},"end":{"line":30,"column":15}}},"fnMap":{"0":{"name":"calculateAge","decl":{"start":{"line":7,"column":16},"end":{"line":7,"column":28}},"loc":{"start":{"line":7,"column":31},"end":{"line":31,"column":1}},"line":7}},"branchMap":{"0":{"loc":{"start":{"line":8,"column":4},"end":{"line":10,"column":5}},"type":"if","locations":[{"start":{"line":8,"column":4},"end":{"line":10,"column":5}},{"start":{},"end":{}}],"line":8},"1":{"loc":{"start":{"line":12,"column":4},"end":{"line":14,"column":5}},"type":"if","locations":[{"start":{"line":12,"column":4},"end":{"line":14,"column":5}},{"start":{},"end":{}}],"line":12},"2":{"loc":{"start":{"line":16,"column":4},"end":{"line":18,"column":5}},"type":"if","locations":[{"start":{"line":16,"column":4},"end":{"line":18,"column":5}},{"start":{},"end":{}}],"line":16},"3":{"loc":{"start":{"line":20,"column":4},"end":{"line":22,"column":5}},"type":"if","locations":[{"start":{"line":20,"column":4},"end":{"line":22,"column":5}},{"start":{},"end":{}}],"line":20},"4":{"loc":{"start":{"line":24,"column":4},"end":{"line":26,"column":5}},"type":"if","locations":[{"start":{"line":24,"column":4},"end":{"line":26,"column":5}},{"start":{},"end":{}}],"line":24}},"s":{"0":17,"1":2,"2":15,"3":2,"4":13,"5":1,"6":12,"7":2,"8":10,"9":1,"10":9,"11":9,"12":9},"f":{"0":17},"b":{"0":[2,15],"1":[2,13],"2":[1,12],"3":[2,10],"4":[1,9]},"_coverageSchema":"1a1c01bbd47fc00a2c39e90264f33305004495a9","hash":"e0dd4cbfce4c2e2196118bb262171a57d6defd73"}
,"D:\\Projet dev\\IdeaProjects\\M1\\Test_&_Test_unitaire\\Seance1\\Test_cycle_TDD\\app\\src\\domain\\validator.js": {"path":"D:\\Projet dev\\IdeaProjects\\M1\\Test_&_Test_unitaire\\Seance1\\Test_cycle_TDD\\app\\src\\domain\\validator.js","statementMap":{"0":{"start":{"line":16,"column":4},"end":{"line":18,"column":5}},"1":{"start":{"line":17,"column":8},"end":{"line":17,"column":49}},"2":{"start":{"line":20,"column":4},"end":{"line":20,"column":71}},"3":{"start":{"line":20,"column":27},"end":{"line":20,"column":71}},"4":{"start":{"line":21,"column":4},"end":{"line":21,"column":59}},"5":{"start":{"line":21,"column":21},"end":{"line":21,"column":59}},"6":{"start":{"line":22,"column":4},"end":{"line":22,"column":61}},"7":{"start":{"line":22,"column":22},"end":{"line":22,"column":61}},"8":{"start":{"line":23,"column":4},"end":{"line":23,"column":71}},"9":{"start":{"line":23,"column":27},"end":{"line":23,"column":71}},"10":{"start":{"line":24,"column":4},"end":{"line":24,"column":69}},"11":{"start":{"line":24,"column":26},"end":{"line":24,"column":69}},"12":{"start":{"line":25,"column":4},"end":{"line":25,"column":63}},"13":{"start":{"line":25,"column":23},"end":{"line":25,"column":63}},"14":{"start":{"line":27,"column":4},"end":{"line":27,"column":111}},"15":{"start":{"line":27,"column":45},"end":{"line":27,"column":111}},"16":{"start":{"line":28,"column":4},"end":{"line":28,"column":102}},"17":{"start":{"line":28,"column":40},"end":{"line":28,"column":102}},"18":{"start":{"line":29,"column":4},"end":{"line":29,"column":104}},"19":{"start":{"line":29,"column":41},"end":{"line":29,"column":104}},"20":{"start":{"line":30,"column":4},"end":{"line":30,"column":114}},"21":{"start":{"line":30,"column":46},"end":{"line":30,"column":114}},"22":{"start":{"line":31,"column":4},"end":{"line":31,"column":112}},"23":{"start":{"line":31,"column":45},"end":{"line":31,"column":112}},"24":{"start":{"line":32,"column":4},"end":{"line":32,"column":106}},"25":{"start":{"line":32,"column":42},"end":{"line":32,"column":106}},"26":{"start":{"line":34,"column":4},"end":{"line":34,"column":34}},"27":{"start":{"line":35,"column":4},"end":{"line":35,"column":32}},"28":{"start":{"line":36,"column":4},"end":{"line":36,"column":29}},"29":{"start":{"line":37,"column":4},"end":{"line":37,"column":35}},"30":{"start":{"line":38,"column":4},"end":{"line":38,"column":34}},"31":{"start":{"line":39,"column":4},"end":{"line":39,"column":32}},"32":{"start":{"line":41,"column":4},"end":{"line":41,"column":16}},"33":{"start":{"line":54,"column":4},"end":{"line":56,"column":5}},"34":{"start":{"line":55,"column":8},"end":{"line":55,"column":44}},"35":{"start":{"line":58,"column":16},"end":{"line":58,"column":26}},"36":{"start":{"line":59,"column":4},"end":{"line":59,"column":56}},"37":{"start":{"line":59,"column":25},"end":{"line":59,"column":56}},"38":{"start":{"line":61,"column":16},"end":{"line":61,"column":48}},"39":{"start":{"line":62,"column":4},"end":{"line":62,"column":46}},"40":{"start":{"line":62,"column":18},"end":{"line":62,"column":46}},"41":{"start":{"line":64,"column":4},"end":{"line":64,"column":16}},"42":{"start":{"line":75,"column":4},"end":{"line":77,"column":5}},"43":{"start":{"line":76,"column":8},"end":{"line":76,"column":39}},"44":{"start":{"line":78,"column":4},"end":{"line":78,"column":16}},"45":{"start":{"line":91,"column":4},"end":{"line":91,"column":66}},"46":{"start":{"line":91,"column":34},"end":{"line":91,"column":66}},"47":{"start":{"line":92,"column":4},"end":{"line":92,"column":62}},"48":{"start":{"line":92,"column":30},"end":{"line":92,"column":62}},"49":{"start":{"line":93,"column":4},"end":{"line":95,"column":5}},"50":{"start":{"line":94,"column":8},"end":{"line":94,"column":40}},"51":{"start":{"line":96,"column":4},"end":{"line":96,"column":16}},"52":{"start":{"line":108,"column":4},"end":{"line":108,"column":117}},"53":{"start":{"line":108,"column":34},"end":{"line":108,"column":117}},"54":{"start":{"line":109,"column":4},"end":{"line":109,"column":62}},"55":{"start":{"line":109,"column":30},"end":{"line":109,"column":62}},"56":{"start":{"line":110,"column":4},"end":{"line":112,"column":5}},"57":{"start":{"line":111,"column":8},"end":{"line":111,"column":91}},"58":{"start":{"line":113,"column":4},"end":{"line":113,"column":16}},"59":{"start":{"line":124,"column":4},"end":{"line":126,"column":5}},"60":{"start":{"line":125,"column":8},"end":{"line":125,"column":41}},"61":{"start":{"line":127,"column":4},"end":{"line":127,"column":16}}},"fnMap":{"0":{"name":"validatePerson","decl":{"start":{"line":15,"column":16},"end":{"line":15,"column":30}},"loc":{"start":{"line":15,"column":39},"end":{"line":42,"column":1}},"line":15},"1":{"name":"validateAge","decl":{"start":{"line":53,"column":16},"end":{"line":53,"column":27}},"loc":{"start":{"line":53,"column":39},"end":{"line":65,"column":1}},"line":53},"2":{"name":"validateZipCode","decl":{"start":{"line":74,"column":16},"end":{"line":74,"column":31}},"loc":{"start":{"line":74,"column":37},"end":{"line":79,"column":1}},"line":74},"3":{"name":"validateCity","decl":{"start":{"line":90,"column":16},"end":{"line":90,"column":28}},"loc":{"start":{"line":90,"column":35},"end":{"line":97,"column":1}},"line":90},"4":{"name":"validateName","decl":{"start":{"line":107,"column":16},"end":{"line":107,"column":28}},"loc":{"start":{"line":107,"column":55},"end":{"line":114,"column":1}},"line":107},"5":{"name":"validateEmail","decl":{"start":{"line":123,"column":16},"end":{"line":123,"column":29}},"loc":{"start":{"line":123,"column":37},"end":{"line":128,"column":1}},"line":123}},"branchMap":{"0":{"loc":{"start":{"line":16,"column":4},"end":{"line":18,"column":5}},"type":"if","locations":[{"start":{"line":16,"column":4},"end":{"line":18,"column":5}},{"start":{},"end":{}}],"line":16},"1":{"loc":{"start":{"line":16,"column":8},"end":{"line":16,"column":45}},"type":"binary-expr","locations":[{"start":{"line":16,"column":8},"end":{"line":16,"column":15}},{"start":{"line":16,"column":19},"end":{"line":16,"column":45}}],"line":16},"2":{"loc":{"start":{"line":20,"column":4},"end":{"line":20,"column":71}},"type":"if","locations":[{"start":{"line":20,"column":4},"end":{"line":20,"column":71}},{"start":{},"end":{}}],"line":20},"3":{"loc":{"start":{"line":21,"column":4},"end":{"line":21,"column":59}},"type":"if","locations":[{"start":{"line":21,"column":4},"end":{"line":21,"column":59}},{"start":{},"end":{}}],"line":21},"4":{"loc":{"start":{"line":22,"column":4},"end":{"line":22,"column":61}},"type":"if","locations":[{"start":{"line":22,"column":4},"end":{"line":22,"column":61}},{"start":{},"end":{}}],"line":22},"5":{"loc":{"start":{"line":23,"column":4},"end":{"line":23,"column":71}},"type":"if","locations":[{"start":{"line":23,"column":4},"end":{"line":23,"column":71}},{"start":{},"end":{}}],"line":23},"6":{"loc":{"start":{"line":24,"column":4},"end":{"line":24,"column":69}},"type":"if","locations":[{"start":{"line":24,"column":4},"end":{"line":24,"column":69}},{"start":{},"end":{}}],"line":24},"7":{"loc":{"start":{"line":25,"column":4},"end":{"line":25,"column":63}},"type":"if","locations":[{"start":{"line":25,"column":4},"end":{"line":25,"column":63}},{"start":{},"end":{}}],"line":25},"8":{"loc":{"start":{"line":27,"column":4},"end":{"line":27,"column":111}},"type":"if","locations":[{"start":{"line":27,"column":4},"end":{"line":27,"column":111}},{"start":{},"end":{}}],"line":27},"9":{"loc":{"start":{"line":28,"column":4},"end":{"line":28,"column":102}},"type":"if","locations":[{"start":{"line":28,"column":4},"end":{"line":28,"column":102}},{"start":{},"end":{}}],"line":28},"10":{"loc":{"start":{"line":29,"column":4},"end":{"line":29,"column":104}},"type":"if","locations":[{"start":{"line":29,"column":4},"end":{"line":29,"column":104}},{"start":{},"end":{}}],"line":29},"11":{"loc":{"start":{"line":30,"column":4},"end":{"line":30,"column":114}},"type":"if","locations":[{"start":{"line":30,"column":4},"end":{"line":30,"column":114}},{"start":{},"end":{}}],"line":30},"12":{"loc":{"start":{"line":31,"column":4},"end":{"line":31,"column":112}},"type":"if","locations":[{"start":{"line":31,"column":4},"end":{"line":31,"column":112}},{"start":{},"end":{}}],"line":31},"13":{"loc":{"start":{"line":32,"column":4},"end":{"line":32,"column":106}},"type":"if","locations":[{"start":{"line":32,"column":4},"end":{"line":32,"column":106}},{"start":{},"end":{}}],"line":32},"14":{"loc":{"start":{"line":54,"column":4},"end":{"line":56,"column":5}},"type":"if","locations":[{"start":{"line":54,"column":4},"end":{"line":56,"column":5}},{"start":{},"end":{}}],"line":54},"15":{"loc":{"start":{"line":54,"column":8},"end":{"line":54,"column":73}},"type":"binary-expr","locations":[{"start":{"line":54,"column":8},"end":{"line":54,"column":36}},{"start":{"line":54,"column":40},"end":{"line":54,"column":73}}],"line":54},"16":{"loc":{"start":{"line":59,"column":4},"end":{"line":59,"column":56}},"type":"if","locations":[{"start":{"line":59,"column":4},"end":{"line":59,"column":56}},{"start":{},"end":{}}],"line":59},"17":{"loc":{"start":{"line":62,"column":4},"end":{"line":62,"column":46}},"type":"if","locations":[{"start":{"line":62,"column":4},"end":{"line":62,"column":46}},{"start":{},"end":{}}],"line":62},"18":{"loc":{"start":{"line":75,"column":4},"end":{"line":77,"column":5}},"type":"if","locations":[{"start":{"line":75,"column":4},"end":{"line":77,"column":5}},{"start":{},"end":{}}],"line":75},"19":{"loc":{"start":{"line":75,"column":8},"end":{"line":75,"column":55}},"type":"binary-expr","locations":[{"start":{"line":75,"column":8},"end":{"line":75,"column":31}},{"start":{"line":75,"column":35},"end":{"line":75,"column":55}}],"line":75},"20":{"loc":{"start":{"line":91,"column":4},"end":{"line":91,"column":66}},"type":"if","locations":[{"start":{"line":91,"column":4},"end":{"line":91,"column":66}},{"start":{},"end":{}}],"line":91},"21":{"loc":{"start":{"line":92,"column":4},"end":{"line":92,"column":62}},"type":"if","locations":[{"start":{"line":92,"column":4},"end":{"line":92,"column":62}},{"start":{},"end":{}}],"line":92},"22":{"loc":{"start":{"line":93,"column":4},"end":{"line":95,"column":5}},"type":"if","locations":[{"start":{"line":93,"column":4},"end":{"line":95,"column":5}},{"start":{},"end":{}}],"line":93},"23":{"loc":{"start":{"line":107,"column":35},"end":{"line":107,"column":53}},"type":"default-arg","locations":[{"start":{"line":107,"column":42},"end":{"line":107,"column":53}}],"line":107},"24":{"loc":{"start":{"line":108,"column":4},"end":{"line":108,"column":117}},"type":"if","locations":[{"start":{"line":108,"column":4},"end":{"line":108,"column":117}},{"start":{},"end":{}}],"line":108},"25":{"loc":{"start":{"line":108,"column":50},"end":{"line":108,"column":115}},"type":"cond-expr","locations":[{"start":{"line":108,"column":73},"end":{"line":108,"column":93}},{"start":{"line":108,"column":96},"end":{"line":108,"column":115}}],"line":108},"26":{"loc":{"start":{"line":109,"column":4},"end":{"line":109,"column":62}},"type":"if","locations":[{"start":{"line":109,"column":4},"end":{"line":109,"column":62}},{"start":{},"end":{}}],"line":109},"27":{"loc":{"start":{"line":110,"column":4},"end":{"line":112,"column":5}},"type":"if","locations":[{"start":{"line":110,"column":4},"end":{"line":112,"column":5}},{"start":{},"end":{}}],"line":110},"28":{"loc":{"start":{"line":111,"column":24},"end":{"line":111,"column":89}},"type":"cond-expr","locations":[{"start":{"line":111,"column":47},"end":{"line":111,"column":67}},{"start":{"line":111,"column":70},"end":{"line":111,"column":89}}],"line":111},"29":{"loc":{"start":{"line":124,"column":4},"end":{"line":126,"column":5}},"type":"if","locations":[{"start":{"line":124,"column":4},"end":{"line":126,"column":5}},{"start":{},"end":{}}],"line":124},"30":{"loc":{"start":{"line":124,"column":8},"end":{"line":124,"column":78}},"type":"binary-expr","locations":[{"start":{"line":124,"column":8},"end":{"line":124,"column":33}},{"start":{"line":124,"column":37},"end":{"line":124,"column":78}}],"line":124}},"s":{"0":17,"1":3,"2":14,"3":1,"4":13,"5":1,"6":12,"7":1,"8":11,"9":1,"10":10,"11":1,"12":9,"13":1,"14":8,"15":1,"16":7,"17":1,"18":6,"19":1,"20":5,"21":1,"22":4,"23":1,"24":3,"25":1,"26":2,"27":2,"28":2,"29":2,"30":2,"31":2,"32":2,"33":16,"34":3,"35":13,"36":13,"37":5,"38":8,"39":8,"40":3,"41":5,"42":20,"43":15,"44":5,"45":41,"46":2,"47":39,"48":5,"49":34,"50":19,"51":15,"52":34,"53":2,"54":32,"55":1,"56":31,"57":12,"58":19,"59":46,"60":39,"61":7},"f":{"0":17,"1":16,"2":20,"3":41,"4":34,"5":46},"b":{"0":[3,14],"1":[17,15],"2":[1,13],"3":[1,12],"4":[1,11],"5":[1,10],"6":[1,9],"7":[1,8],"8":[1,7],"9":[1,6],"10":[1,5],"11":[1,4],"12":[1,3],"13":[1,2],"14":[3,13],"15":[16,14],"16":[5,8],"17":[3,5],"18":[15,5],"19":[20,19],"20":[2,39],"21":[5,34],"22":[19,15],"23":[4],"24":[2,32],"25":[1,1],"26":[1,31],"27":[12,19],"28":[7,5],"29":[39,7],"30":[46,45]},"_coverageSchema":"1a1c01bbd47fc00a2c39e90264f33305004495a9","hash":"3acbd1a27fd9526340ff42ee834a7b3b842406fd"}
,"D:\\Projet dev\\IdeaProjects\\M1\\Test_&_Test_unitaire\\Seance1\\Test_cycle_TDD\\app\\src\\utils\\errorMessages.js": {"path":"D:\\Projet dev\\IdeaProjects\\M1\\Test_&_Test_unitaire\\Seance1\\Test_cycle_TDD\\app\\src\\utils\\errorMessages.js","statementMap":{"0":{"start":{"line":1,"column":29},"end":{"line":10,"column":1}},"1":{"start":{"line":13,"column":4},"end":{"line":13,"column":51}}},"fnMap":{"0":{"name":"getErrorMessage","decl":{"start":{"line":12,"column":16},"end":{"line":12,"column":31}},"loc":{"start":{"line":12,"column":37},"end":{"line":14,"column":1}},"line":12}},"branchMap":{"0":{"loc":{"start":{"line":13,"column":11},"end":{"line":13,"column":50}},"type":"binary-expr","locations":[{"start":{"line":13,"column":11},"end":{"line":13,"column":29}},{"start":{"line":13,"column":33},"end":{"line":13,"column":50}}],"line":13}},"s":{"0":2,"1":391},"f":{"0":391},"b":{"0":[391,1]},"_coverageSchema":"1a1c01bbd47fc00a2c39e90264f33305004495a9","hash":"22a6445daee10f737d7f2857800df720d227f089"}
}
