TN:
SF:src\domain\module.js
FN:7,calculateAge
FNF:1
FNH:1
FNDA:12,calculateAge
DA:8,12
DA:9,2
DA:12,10
DA:13,2
DA:16,8
DA:17,1
DA:20,7
DA:21,2
DA:24,5
DA:25,1
DA:28,4
DA:29,4
DA:30,4
LF:13
LH:13
BRDA:8,0,0,2
BRDA:8,0,1,10
BRDA:12,1,0,2
BRDA:12,1,1,8
BRDA:16,2,0,1
BRDA:16,2,1,7
BRDA:20,3,0,2
BRDA:20,3,1,5
BRDA:24,4,0,1
BRDA:24,4,1,4
BRF:10
BRH:10
end_of_record
TN:
SF:src\domain\validator.js
FN:15,validatePerson
FN:53,validateAge
FN:74,validateZipCode
FN:90,validateCity
FN:107,validateName
FN:123,validateEmail
FNF:6
FNH:6
FNDA:16,validatePerson
FNDA:7,validateAge
FNDA:6,validateZipCode
FNDA:10,validateCity
FNDA:10,validateName
FNDA:6,validateEmail
DA:16,16
DA:17,3
DA:20,13
DA:21,12
DA:22,11
DA:23,10
DA:24,9
DA:25,8
DA:27,7
DA:28,6
DA:29,5
DA:30,4
DA:31,3
DA:32,2
DA:34,1
DA:35,1
DA:36,1
DA:37,1
DA:38,1
DA:39,1
DA:41,1
DA:54,7
DA:55,3
DA:58,4
DA:59,4
DA:61,3
DA:62,3
DA:64,2
DA:75,6
DA:76,4
DA:78,2
DA:91,10
DA:92,8
DA:93,7
DA:94,3
DA:96,4
DA:108,10
DA:109,8
DA:110,7
DA:111,2
DA:113,5
DA:124,6
DA:125,4
DA:127,2
LF:44
LH:44
BRDA:16,0,0,3
BRDA:16,0,1,13
BRDA:16,1,0,16
BRDA:16,1,1,14
BRDA:20,2,0,1
BRDA:20,2,1,12
BRDA:21,3,0,1
BRDA:21,3,1,11
BRDA:22,4,0,1
BRDA:22,4,1,10
BRDA:23,5,0,1
BRDA:23,5,1,9
BRDA:24,6,0,1
BRDA:24,6,1,8
BRDA:25,7,0,1
BRDA:25,7,1,7
BRDA:27,8,0,1
BRDA:27,8,1,6
BRDA:28,9,0,1
BRDA:28,9,1,5
BRDA:29,10,0,1
BRDA:29,10,1,4
BRDA:30,11,0,1
BRDA:30,11,1,3
BRDA:31,12,0,1
BRDA:31,12,1,2
BRDA:32,13,0,1
BRDA:32,13,1,1
BRDA:54,14,0,3
BRDA:54,14,1,4
BRDA:54,15,0,7
BRDA:54,15,1,5
BRDA:59,16,0,1
BRDA:59,16,1,3
BRDA:62,17,0,1
BRDA:62,17,1,2
BRDA:75,18,0,4
BRDA:75,18,1,2
BRDA:75,19,0,6
BRDA:75,19,1,5
BRDA:91,20,0,2
BRDA:91,20,1,8
BRDA:92,21,0,1
BRDA:92,21,1,7
BRDA:93,22,0,3
BRDA:93,22,1,4
BRDA:107,23,0,2
BRDA:108,24,0,2
BRDA:108,24,1,8
BRDA:108,25,0,1
BRDA:108,25,1,1
BRDA:109,26,0,1
BRDA:109,26,1,7
BRDA:110,27,0,2
BRDA:110,27,1,5
BRDA:111,28,0,1
BRDA:111,28,1,1
BRDA:124,29,0,4
BRDA:124,29,1,2
BRDA:124,30,0,6
BRDA:124,30,1,5
BRF:61
BRH:61
end_of_record
