TN:
SF:src\components\PersonForm.jsx
FN:8,PersonForm
FN:20,(anonymous_1)
FN:22,(anonymous_2)
FN:47,(anonymous_3)
FN:49,(anonymous_4)
FN:53,(anonymous_5)
FN:55,(anonymous_6)
FN:59,(anonymous_7)
FN:104,(anonymous_8)
FN:116,(anonymous_9)
FN:128,(anonymous_10)
FN:140,(anonymous_11)
FN:152,(anonymous_12)
FN:164,(anonymous_13)
FNF:14
FNH:14
FNDA:179,PersonForm
FNDA:168,(anonymous_1)
FNDA:9,(anonymous_2)
FNDA:60,(anonymous_3)
FNDA:99,(anonymous_4)
FNDA:138,(anonymous_5)
FNDA:138,(anonymous_6)
FNDA:2,(anonymous_7)
FNDA:4,(anonymous_8)
FNDA:4,(anonymous_9)
FNDA:6,(anonymous_10)
FNDA:5,(anonymous_11)
FNDA:5,(anonymous_12)
FNDA:6,(anonymous_13)
DA:9,179
DA:18,179
DA:20,179
DA:21,168
DA:22,9
DA:23,9
DA:26,159
DA:27,159
DA:29,16
DA:30,10
DA:32,18
DA:33,14
DA:35,56
DA:36,8
DA:38,19
DA:39,4
DA:41,40
DA:42,20
DA:44,10
DA:45,4
DA:47,60
DA:49,99
DA:53,179
DA:54,138
DA:55,138
DA:56,138
DA:59,179
DA:60,2
DA:61,2
DA:62,2
DA:70,2
DA:71,2
DA:72,2
DA:73,2
DA:74,2
DA:91,179
DA:93,179
DA:104,4
DA:116,4
DA:128,6
DA:140,5
DA:152,5
DA:164,6
LF:43
LH:43
BRDA:21,0,0,9
BRDA:21,0,1,159
BRDA:27,1,0,16
BRDA:27,1,1,18
BRDA:27,1,2,56
BRDA:27,1,3,19
BRDA:27,1,4,40
BRDA:27,1,5,10
BRDA:91,2,0,179
BRDA:91,2,1,155
BRDA:91,2,2,143
BRDA:91,2,3,131
BRDA:91,2,4,70
BRDA:91,2,5,69
BRDA:91,2,6,67
BRDA:106,3,0,179
BRDA:106,3,1,39
BRDA:118,4,0,179
BRDA:118,4,1,58
BRDA:130,5,0,179
BRDA:130,5,1,74
BRDA:142,6,0,179
BRDA:142,6,1,76
BRDA:154,7,0,179
BRDA:154,7,1,70
BRDA:166,8,0,179
BRDA:166,8,1,88
BRF:27
BRH:27
end_of_record
TN:
SF:src\domain\module.js
FN:7,calculateAge
FNF:1
FNH:1
FNDA:20,calculateAge
DA:8,20
DA:9,2
DA:12,18
DA:13,2
DA:16,16
DA:17,1
DA:20,15
DA:21,2
DA:24,13
DA:25,1
DA:28,12
DA:29,12
DA:30,12
LF:13
LH:13
BRDA:8,0,0,2
BRDA:8,0,1,18
BRDA:12,1,0,2
BRDA:12,1,1,16
BRDA:16,2,0,1
BRDA:16,2,1,15
BRDA:20,3,0,2
BRDA:20,3,1,13
BRDA:24,4,0,1
BRDA:24,4,1,12
BRF:10
BRH:10
end_of_record
TN:
SF:src\domain\validator.js
FN:15,validatePerson
FN:53,validateAge
FN:74,validateZipCode
FN:90,validateCity
FN:107,validateName
FN:123,validateEmail
FNF:6
FNH:6
FNDA:18,validatePerson
FNDA:19,validateAge
FNDA:27,validateZipCode
FNDA:52,validateCity
FNDA:48,validateName
FNDA:64,validateEmail
DA:16,18
DA:17,3
DA:20,15
DA:21,14
DA:22,13
DA:23,12
DA:24,11
DA:25,10
DA:27,9
DA:28,8
DA:29,7
DA:30,6
DA:31,5
DA:32,4
DA:34,3
DA:35,3
DA:36,3
DA:37,3
DA:38,3
DA:39,3
DA:41,3
DA:54,19
DA:55,3
DA:58,16
DA:59,16
DA:61,11
DA:62,11
DA:64,8
DA:75,27
DA:76,19
DA:78,8
DA:91,52
DA:92,50
DA:93,45
DA:94,19
DA:96,26
DA:108,48
DA:109,46
DA:110,45
DA:111,12
DA:113,33
DA:124,64
DA:125,52
DA:127,12
LF:44
LH:44
BRDA:16,0,0,3
BRDA:16,0,1,15
BRDA:16,1,0,18
BRDA:16,1,1,16
BRDA:20,2,0,1
BRDA:20,2,1,14
BRDA:21,3,0,1
BRDA:21,3,1,13
BRDA:22,4,0,1
BRDA:22,4,1,12
BRDA:23,5,0,1
BRDA:23,5,1,11
BRDA:24,6,0,1
BRDA:24,6,1,10
BRDA:25,7,0,1
BRDA:25,7,1,9
BRDA:27,8,0,1
BRDA:27,8,1,8
BRDA:28,9,0,1
BRDA:28,9,1,7
BRDA:29,10,0,1
BRDA:29,10,1,6
BRDA:30,11,0,1
BRDA:30,11,1,5
BRDA:31,12,0,1
BRDA:31,12,1,4
BRDA:32,13,0,1
BRDA:32,13,1,3
BRDA:54,14,0,3
BRDA:54,14,1,16
BRDA:54,15,0,19
BRDA:54,15,1,17
BRDA:59,16,0,5
BRDA:59,16,1,11
BRDA:62,17,0,3
BRDA:62,17,1,8
BRDA:75,18,0,19
BRDA:75,18,1,8
BRDA:75,19,0,27
BRDA:75,19,1,26
BRDA:91,20,0,2
BRDA:91,20,1,50
BRDA:92,21,0,5
BRDA:92,21,1,45
BRDA:93,22,0,19
BRDA:93,22,1,26
BRDA:107,23,0,6
BRDA:108,24,0,2
BRDA:108,24,1,46
BRDA:108,25,0,1
BRDA:108,25,1,1
BRDA:109,26,0,1
BRDA:109,26,1,45
BRDA:110,27,0,12
BRDA:110,27,1,33
BRDA:111,28,0,7
BRDA:111,28,1,5
BRDA:124,29,0,52
BRDA:124,29,1,12
BRDA:124,30,0,64
BRDA:124,30,1,63
BRF:61
BRH:61
end_of_record
TN:
SF:src\utils\errorMessages.js
FN:12,getErrorMessage
FNF:1
FNH:1
FNDA:408,getErrorMessage
DA:1,2
DA:13,408
LF:2
LH:2
BRDA:13,0,0,408
BRDA:13,0,1,1
BRF:2
BRH:2
end_of_record
