<?xml version="1.0" encoding="UTF-8"?>
<coverage generated="1770386992356" clover="3.2.0">
  <project timestamp="1770386992356" name="All files">
    <metrics statements="25" coveredstatements="25" conditionals="20" coveredconditionals="20" methods="6" coveredmethods="6" elements="51" coveredelements="51" complexity="0" loc="25" ncloc="25" packages="1" files="2" classes="2"/>
    <file name="module.js" path="D:\Projet dev\IdeaProjects\M1\Test_&_Test_unitaire\Seance1\Test_cycle_TDD\src\module.js">
      <metrics statements="13" coveredstatements="13" conditionals="10" coveredconditionals="10" methods="1" coveredmethods="1"/>
      <line num="8" count="11" type="cond" truecount="2" falsecount="0"/>
      <line num="9" count="2" type="stmt"/>
      <line num="12" count="9" type="cond" truecount="2" falsecount="0"/>
      <line num="13" count="2" type="stmt"/>
      <line num="16" count="7" type="cond" truecount="2" falsecount="0"/>
      <line num="17" count="1" type="stmt"/>
      <line num="20" count="6" type="cond" truecount="2" falsecount="0"/>
      <line num="21" count="2" type="stmt"/>
      <line num="24" count="4" type="cond" truecount="2" falsecount="0"/>
      <line num="25" count="1" type="stmt"/>
      <line num="28" count="3" type="stmt"/>
      <line num="29" count="3" type="stmt"/>
      <line num="30" count="3" type="stmt"/>
    </file>
    <file name="validator.js" path="D:\Projet dev\IdeaProjects\M1\Test_&_Test_unitaire\Seance1\Test_cycle_TDD\src\validator.js">
      <metrics statements="12" coveredstatements="12" conditionals="10" coveredconditionals="10" methods="5" coveredmethods="5"/>
      <line num="14" count="4" type="cond" truecount="4" falsecount="0"/>
      <line num="15" count="3" type="stmt"/>
      <line num="18" count="1" type="stmt"/>
      <line num="19" count="1" type="stmt"/>
      <line num="20" count="1" type="stmt"/>
      <line num="21" count="1" type="stmt"/>
      <line num="23" count="1" type="stmt"/>
      <line num="34" count="5" type="cond" truecount="4" falsecount="0"/>
      <line num="35" count="3" type="stmt"/>
      <line num="38" count="2" type="stmt"/>
      <line num="39" count="2" type="cond" truecount="2" falsecount="0"/>
      <line num="41" count="1" type="stmt"/>
    </file>
  </project>
</coverage>
