{"D:\\Projet dev\\IdeaProjects\\M1\\Test_&_Test_unitaire\\Seance1\\Test_cycle_TDD\\src\\module.js": {"path":"D:\\Projet dev\\IdeaProjects\\M1\\Test_&_Test_unitaire\\Seance1\\Test_cycle_TDD\\src\\module.js","statementMap":{"0":{"start":{"line":8,"column":4},"end":{"line":10,"column":5}},"1":{"start":{"line":9,"column":8},"end":{"line":9,"column":42}},"2":{"start":{"line":12,"column":4},"end":{"line":14,"column":5}},"3":{"start":{"line":13,"column":8},"end":{"line":13,"column":57}},"4":{"start":{"line":16,"column":4},"end":{"line":18,"column":5}},"5":{"start":{"line":17,"column":8},"end":{"line":17,"column":58}},"6":{"start":{"line":20,"column":4},"end":{"line":22,"column":5}},"7":{"start":{"line":21,"column":8},"end":{"line":21,"column":59}},"8":{"start":{"line":24,"column":4},"end":{"line":26,"column":5}},"9":{"start":{"line":25,"column":8},"end":{"line":25,"column":50}},"10":{"start":{"line":28,"column":19},"end":{"line":28,"column":59}},"11":{"start":{"line":29,"column":14},"end":{"line":29,"column":56}},"12":{"start":{"line":30,"column":4},"end":{"line":30,"column":15}}},"fnMap":{"0":{"name":"calculateAge","decl":{"start":{"line":7,"column":16},"end":{"line":7,"column":28}},"loc":{"start":{"line":7,"column":31},"end":{"line":31,"column":1}},"line":7}},"branchMap":{"0":{"loc":{"start":{"line":8,"column":4},"end":{"line":10,"column":5}},"type":"if","locations":[{"start":{"line":8,"column":4},"end":{"line":10,"column":5}},{"start":{},"end":{}}],"line":8},"1":{"loc":{"start":{"line":12,"column":4},"end":{"line":14,"column":5}},"type":"if","locations":[{"start":{"line":12,"column":4},"end":{"line":14,"column":5}},{"start":{},"end":{}}],"line":12},"2":{"loc":{"start":{"line":16,"column":4},"end":{"line":18,"column":5}},"type":"if","locations":[{"start":{"line":16,"column":4},"end":{"line":18,"column":5}},{"start":{},"end":{}}],"line":16},"3":{"loc":{"start":{"line":20,"column":4},"end":{"line":22,"column":5}},"type":"if","locations":[{"start":{"line":20,"column":4},"end":{"line":22,"column":5}},{"start":{},"end":{}}],"line":20},"4":{"loc":{"start":{"line":24,"column":4},"end":{"line":26,"column":5}},"type":"if","locations":[{"start":{"line":24,"column":4},"end":{"line":26,"column":5}},{"start":{},"end":{}}],"line":24}},"s":{"0":12,"1":2,"2":10,"3":2,"4":8,"5":1,"6":7,"7":2,"8":5,"9":1,"10":4,"11":4,"12":4},"f":{"0":12},"b":{"0":[2,10],"1":[2,8],"2":[1,7],"3":[2,5],"4":[1,4]},"_coverageSchema":"1a1c01bbd47fc00a2c39e90264f33305004495a9","hash":"0c55a3800f59e69e3332db3595e58410da45644e"}
,"D:\\Projet dev\\IdeaProjects\\M1\\Test_&_Test_unitaire\\Seance1\\Test_cycle_TDD\\src\\validator.js": {"path":"D:\\Projet dev\\IdeaProjects\\M1\\Test_&_Test_unitaire\\Seance1\\Test_cycle_TDD\\src\\validator.js","statementMap":{"0":{"start":{"line":14,"column":4},"end":{"line":16,"column":5}},"1":{"start":{"line":15,"column":8},"end":{"line":15,"column":49}},"2":{"start":{"line":18,"column":4},"end":{"line":18,"column":71}},"3":{"start":{"line":18,"column":27},"end":{"line":18,"column":71}},"4":{"start":{"line":19,"column":4},"end":{"line":19,"column":59}},"5":{"start":{"line":19,"column":21},"end":{"line":19,"column":59}},"6":{"start":{"line":20,"column":4},"end":{"line":20,"column":69}},"7":{"start":{"line":20,"column":26},"end":{"line":20,"column":69}},"8":{"start":{"line":21,"column":4},"end":{"line":21,"column":63}},"9":{"start":{"line":21,"column":23},"end":{"line":21,"column":63}},"10":{"start":{"line":23,"column":4},"end":{"line":23,"column":111}},"11":{"start":{"line":23,"column":45},"end":{"line":23,"column":111}},"12":{"start":{"line":24,"column":4},"end":{"line":24,"column":102}},"13":{"start":{"line":24,"column":40},"end":{"line":24,"column":102}},"14":{"start":{"line":25,"column":4},"end":{"line":25,"column":112}},"15":{"start":{"line":25,"column":45},"end":{"line":25,"column":112}},"16":{"start":{"line":26,"column":4},"end":{"line":26,"column":106}},"17":{"start":{"line":26,"column":42},"end":{"line":26,"column":106}},"18":{"start":{"line":28,"column":4},"end":{"line":28,"column":34}},"19":{"start":{"line":29,"column":4},"end":{"line":29,"column":32}},"20":{"start":{"line":30,"column":4},"end":{"line":30,"column":38}},"21":{"start":{"line":31,"column":4},"end":{"line":31,"column":32}},"22":{"start":{"line":33,"column":4},"end":{"line":33,"column":16}},"23":{"start":{"line":44,"column":4},"end":{"line":46,"column":5}},"24":{"start":{"line":45,"column":8},"end":{"line":45,"column":44}},"25":{"start":{"line":48,"column":16},"end":{"line":48,"column":48}},"26":{"start":{"line":49,"column":4},"end":{"line":49,"column":46}},"27":{"start":{"line":49,"column":18},"end":{"line":49,"column":46}},"28":{"start":{"line":51,"column":4},"end":{"line":51,"column":16}},"29":{"start":{"line":62,"column":4},"end":{"line":64,"column":5}},"30":{"start":{"line":63,"column":8},"end":{"line":63,"column":39}},"31":{"start":{"line":65,"column":4},"end":{"line":65,"column":16}}},"fnMap":{"0":{"name":"validatePerson","decl":{"start":{"line":13,"column":16},"end":{"line":13,"column":30}},"loc":{"start":{"line":13,"column":39},"end":{"line":34,"column":1}},"line":13},"1":{"name":"validateAge","decl":{"start":{"line":43,"column":16},"end":{"line":43,"column":27}},"loc":{"start":{"line":43,"column":39},"end":{"line":52,"column":1}},"line":43},"2":{"name":"validateZipCode","decl":{"start":{"line":61,"column":16},"end":{"line":61,"column":31}},"loc":{"start":{"line":61,"column":37},"end":{"line":66,"column":1}},"line":61},"3":{"name":"validateIdentity","decl":{"start":{"line":77,"column":16},"end":{"line":77,"column":32}},"loc":{"start":{"line":77,"column":43},"end":{"line":79,"column":1}},"line":77},"4":{"name":"validateEmail","decl":{"start":{"line":88,"column":16},"end":{"line":88,"column":29}},"loc":{"start":{"line":88,"column":37},"end":{"line":90,"column":1}},"line":88}},"branchMap":{"0":{"loc":{"start":{"line":14,"column":4},"end":{"line":16,"column":5}},"type":"if","locations":[{"start":{"line":14,"column":4},"end":{"line":16,"column":5}},{"start":{},"end":{}}],"line":14},"1":{"loc":{"start":{"line":14,"column":8},"end":{"line":14,"column":45}},"type":"binary-expr","locations":[{"start":{"line":14,"column":8},"end":{"line":14,"column":15}},{"start":{"line":14,"column":19},"end":{"line":14,"column":45}}],"line":14},"2":{"loc":{"start":{"line":18,"column":4},"end":{"line":18,"column":71}},"type":"if","locations":[{"start":{"line":18,"column":4},"end":{"line":18,"column":71}},{"start":{},"end":{}}],"line":18},"3":{"loc":{"start":{"line":19,"column":4},"end":{"line":19,"column":59}},"type":"if","locations":[{"start":{"line":19,"column":4},"end":{"line":19,"column":59}},{"start":{},"end":{}}],"line":19},"4":{"loc":{"start":{"line":20,"column":4},"end":{"line":20,"column":69}},"type":"if","locations":[{"start":{"line":20,"column":4},"end":{"line":20,"column":69}},{"start":{},"end":{}}],"line":20},"5":{"loc":{"start":{"line":21,"column":4},"end":{"line":21,"column":63}},"type":"if","locations":[{"start":{"line":21,"column":4},"end":{"line":21,"column":63}},{"start":{},"end":{}}],"line":21},"6":{"loc":{"start":{"line":23,"column":4},"end":{"line":23,"column":111}},"type":"if","locations":[{"start":{"line":23,"column":4},"end":{"line":23,"column":111}},{"start":{},"end":{}}],"line":23},"7":{"loc":{"start":{"line":24,"column":4},"end":{"line":24,"column":102}},"type":"if","locations":[{"start":{"line":24,"column":4},"end":{"line":24,"column":102}},{"start":{},"end":{}}],"line":24},"8":{"loc":{"start":{"line":25,"column":4},"end":{"line":25,"column":112}},"type":"if","locations":[{"start":{"line":25,"column":4},"end":{"line":25,"column":112}},{"start":{},"end":{}}],"line":25},"9":{"loc":{"start":{"line":26,"column":4},"end":{"line":26,"column":106}},"type":"if","locations":[{"start":{"line":26,"column":4},"end":{"line":26,"column":106}},{"start":{},"end":{}}],"line":26},"10":{"loc":{"start":{"line":44,"column":4},"end":{"line":46,"column":5}},"type":"if","locations":[{"start":{"line":44,"column":4},"end":{"line":46,"column":5}},{"start":{},"end":{}}],"line":44},"11":{"loc":{"start":{"line":44,"column":8},"end":{"line":44,"column":73}},"type":"binary-expr","locations":[{"start":{"line":44,"column":8},"end":{"line":44,"column":36}},{"start":{"line":44,"column":40},"end":{"line":44,"column":73}}],"line":44},"12":{"loc":{"start":{"line":49,"column":4},"end":{"line":49,"column":46}},"type":"if","locations":[{"start":{"line":49,"column":4},"end":{"line":49,"column":46}},{"start":{},"end":{}}],"line":49},"13":{"loc":{"start":{"line":62,"column":4},"end":{"line":64,"column":5}},"type":"if","locations":[{"start":{"line":62,"column":4},"end":{"line":64,"column":5}},{"start":{},"end":{}}],"line":62},"14":{"loc":{"start":{"line":62,"column":8},"end":{"line":62,"column":55}},"type":"binary-expr","locations":[{"start":{"line":62,"column":8},"end":{"line":62,"column":31}},{"start":{"line":62,"column":35},"end":{"line":62,"column":55}}],"line":62}},"s":{"0":4,"1":3,"2":1,"3":0,"4":1,"5":0,"6":1,"7":0,"8":1,"9":0,"10":1,"11":0,"12":1,"13":0,"14":1,"15":0,"16":1,"17":0,"18":1,"19":1,"20":1,"21":1,"22":1,"23":6,"24":3,"25":3,"26":3,"27":1,"28":2,"29":6,"30":4,"31":2},"f":{"0":4,"1":6,"2":6,"3":4,"4":1},"b":{"0":[3,1],"1":[4,2],"2":[0,1],"3":[0,1],"4":[0,1],"5":[0,1],"6":[0,1],"7":[0,1],"8":[0,1],"9":[0,1],"10":[3,3],"11":[6,4],"12":[1,2],"13":[4,2],"14":[6,5]},"_coverageSchema":"1a1c01bbd47fc00a2c39e90264f33305004495a9","hash":"c15cb5d775815cd15c99458144452cb0b631832e"}
}
