TN:
SF:src\module.js
FN:7,calculateAge
FNF:1
FNH:1
FNDA:12,calculateAge
DA:8,12
DA:9,2
DA:12,10
DA:13,2
DA:16,8
DA:17,1
DA:20,7
DA:21,2
DA:24,5
DA:25,1
DA:28,4
DA:29,4
DA:30,4
LF:13
LH:13
BRDA:8,0,0,2
BRDA:8,0,1,10
BRDA:12,1,0,2
BRDA:12,1,1,8
BRDA:16,2,0,1
BRDA:16,2,1,7
BRDA:20,3,0,2
BRDA:20,3,1,5
BRDA:24,4,0,1
BRDA:24,4,1,4
BRF:10
BRH:10
end_of_record
TN:
SF:src\validator.js
FN:13,validatePerson
FN:43,validateAge
FN:61,validateZipCode
FN:77,validateIdentity
FN:91,validateEmail
FNF:5
FNH:5
FNDA:12,validatePerson
FNDA:6,validateAge
FNDA:6,validateZipCode
FNDA:8,validateIdentity
FNDA:1,validateEmail
DA:14,12
DA:15,3
DA:18,9
DA:19,8
DA:20,7
DA:21,6
DA:23,5
DA:24,4
DA:25,3
DA:26,2
DA:28,1
DA:29,1
DA:30,1
DA:31,1
DA:33,1
DA:44,6
DA:45,3
DA:48,3
DA:49,3
DA:51,2
DA:62,6
DA:63,4
DA:65,2
DA:78,8
DA:79,7
DA:80,6
DA:81,4
LF:27
LH:27
BRDA:14,0,0,3
BRDA:14,0,1,9
BRDA:14,1,0,12
BRDA:14,1,1,10
BRDA:18,2,0,1
BRDA:18,2,1,8
BRDA:19,3,0,1
BRDA:19,3,1,7
BRDA:20,4,0,1
BRDA:20,4,1,6
BRDA:21,5,0,1
BRDA:21,5,1,5
BRDA:23,6,0,1
BRDA:23,6,1,4
BRDA:24,7,0,1
BRDA:24,7,1,3
BRDA:25,8,0,1
BRDA:25,8,1,2
BRDA:26,9,0,1
BRDA:26,9,1,1
BRDA:44,10,0,3
BRDA:44,10,1,3
BRDA:44,11,0,6
BRDA:44,11,1,4
BRDA:49,12,0,1
BRDA:49,12,1,2
BRDA:62,13,0,4
BRDA:62,13,1,2
BRDA:62,14,0,6
BRDA:62,14,1,5
BRDA:78,15,0,1
BRDA:78,15,1,7
BRDA:79,16,0,1
BRDA:79,16,1,6
BRDA:80,17,0,2
BRDA:80,17,1,4
BRF:36
BRH:36
end_of_record
