TN:
SF:src\module.js
FN:7,calculateAge
FNF:1
FNH:1
FNDA:9,calculateAge
DA:8,9
DA:9,2
DA:12,7
DA:13,2
DA:16,5
DA:17,1
DA:20,4
DA:21,2
DA:24,2
DA:25,1
DA:28,1
DA:29,1
DA:30,1
LF:13
LH:13
BRDA:8,0,0,2
BRDA:8,0,1,7
BRDA:12,1,0,2
BRDA:12,1,1,5
BRDA:16,2,0,1
BRDA:16,2,1,4
BRDA:20,3,0,2
BRDA:20,3,1,2
BRDA:24,4,0,1
BRDA:24,4,1,1
BRF:10
BRH:10
end_of_record
TN:
SF:src\validator.js
FN:11,validatePerson
FN:31,validateAge
FN:42,validateZipCode
FN:55,validateIdentity
FN:66,validateEmail
FNF:5
FNH:5
FNDA:4,validatePerson
FNDA:3,validateAge
FNDA:1,validateZipCode
FNDA:1,validateIdentity
FNDA:1,validateEmail
DA:12,4
DA:13,3
DA:16,1
DA:17,1
DA:18,1
DA:19,1
DA:21,1
LF:7
LH:7
BRDA:12,0,0,3
BRDA:12,0,1,1
BRDA:12,1,0,4
BRDA:12,1,1,2
BRF:4
BRH:4
end_of_record
